\BOOKMARK [0][-]{chapter.1}{}{}% 1
\BOOKMARK [0][-]{chapter.2}{ \040}{}% 2
\BOOKMARK [0][-]{chapter.3}{ }{}% 3
\BOOKMARK [0][-]{chapter.4}{ }{}% 4
\BOOKMARK [1][-]{section.4.1}{Android}{chapter.4}% 5
\BOOKMARK [1][-]{section.4.2}{ }{chapter.4}% 6
\BOOKMARK [1][-]{section.4.3}{ }{chapter.4}% 7
\BOOKMARK [1][-]{section.4.4}{ }{chapter.4}% 8
\BOOKMARK [0][-]{chapter.5}{}{}% 9
\BOOKMARK [1][-]{section.5.1}{Android}{chapter.5}% 10
\BOOKMARK [2][-]{subsection.5.1.1}{GUI }{section.5.1}% 11
\BOOKMARK [2][-]{subsection.5.1.2}{Java }{section.5.1}% 12
\BOOKMARK [2][-]{subsection.5.1.3}{ }{section.5.1}% 13
\BOOKMARK [2][-]{subsection.5.1.4}{Unit Test}{section.5.1}% 14
\BOOKMARK [1][-]{section.5.2}{}{chapter.5}% 15
\BOOKMARK [0][-]{chapter.6}{A}{}% 16
\BOOKMARK [1][-]{section.6.1}{ }{chapter.6}% 17
\BOOKMARK [1][-]{section.6.2}{ game}{chapter.6}% 18
\BOOKMARK [2][-]{subsection.6.2.1}{ acceleration.filter}{section.6.2}% 19
\BOOKMARK [2][-]{subsection.6.2.2}{ coefficient}{section.6.2}% 20
\BOOKMARK [2][-]{subsection.6.2.3}{ collision}{section.6.2}% 21
\BOOKMARK [2][-]{subsection.6.2.4}{ utility}{section.6.2}% 22
\BOOKMARK [1][-]{section.6.3}{ statistics.database}{chapter.6}% 23
\BOOKMARK [2][-]{subsection.6.3.1}{ table}{section.6.3}% 24
\BOOKMARK [1][-]{section.6.4}{ shape}{chapter.6}% 25
\BOOKMARK [2][-]{subsection.6.4.1}{ constants}{section.6.4}% 26
\BOOKMARK [2][-]{subsection.6.4.2}{ coordinate}{section.6.4}% 27
\BOOKMARK [2][-]{subsection.6.4.3}{ draw}{section.6.4}% 28
\BOOKMARK [2][-]{subsection.6.4.4}{ factory}{section.6.4}% 29
\BOOKMARK [2][-]{subsection.6.4.5}{ figure}{section.6.4}% 30
\BOOKMARK [2][-]{subsection.6.4.6}{ movement.collision.detection}{section.6.4}% 31
\BOOKMARK [2][-]{subsection.6.4.7}{ movement.collision.handling}{section.6.4}% 32
\BOOKMARK [2][-]{subsection.6.4.8}{ parser}{section.6.4}% 33
\BOOKMARK [2][-]{subsection.6.4.9}{ scale}{section.6.4}% 34
\BOOKMARK [2][-]{subsection.6.4.10}{ sound}{section.6.4}% 35
\BOOKMARK [0][-]{chapter.7}{}{}% 36
\BOOKMARK [1][-]{section.7.1}{ }{chapter.7}% 37
\BOOKMARK [1][-]{section.7.2}{}{chapter.7}% 38
\BOOKMARK [1][-]{section.7.3}{ }{chapter.7}% 39
\BOOKMARK [1][-]{section.7.4}{}{chapter.7}% 40
\BOOKMARK [1][-]{section.7.5}{}{chapter.7}% 41
\BOOKMARK [0][-]{chapter.8}{}{}% 42
\BOOKMARK [0][-]{chapter.8}{ \040}{}% 43
